<?xml version="1.0" encoding="UTF-8"?>
<coverage generated="1782817765538" clover="3.2.0">
  <project timestamp="1782817765538" name="All files">
    <metrics statements="16" coveredstatements="10" conditionals="4" coveredconditionals="3" methods="2" coveredmethods="2" elements="22" coveredelements="15" complexity="0" loc="16" ncloc="16" packages="1" files="1" classes="1"/>
    <file name="filter.js" path="C:\Users\jalal\source\repos\My-Projects\JavaScript Projects\Lead-Gen-Machine\filter.js">
      <metrics statements="16" coveredstatements="10" conditionals="4" coveredconditionals="3" methods="2" coveredmethods="2"/>
      <line num="1" count="1" type="stmt"/>
      <line num="5" count="1" type="stmt"/>
      <line num="6" count="1" type="stmt"/>
      <line num="8" count="1" type="stmt"/>
      <line num="9" count="3" type="cond" truecount="2" falsecount="0"/>
      <line num="10" count="2" type="stmt"/>
      <line num="12" count="1" type="stmt"/>
      <line num="16" count="1" type="stmt"/>
      <line num="20" count="1" type="cond" truecount="1" falsecount="1"/>
      <line num="21" count="0" type="stmt"/>
      <line num="22" count="0" type="stmt"/>
      <line num="24" count="0" type="stmt"/>
      <line num="26" count="0" type="stmt"/>
      <line num="27" count="0" type="stmt"/>
      <line num="29" count="0" type="stmt"/>
      <line num="33" count="1" type="stmt"/>
    </file>
  </project>
</coverage>
