{"C:\\Users\\jalal\\source\\repos\\My-Projects\\JavaScript Projects\\Lead-Gen-Machine\\filter.js": {"path":"C:\\Users\\jalal\\source\\repos\\My-Projects\\JavaScript Projects\\Lead-Gen-Machine\\filter.js","statementMap":{"0":{"start":{"line":1,"column":11},"end":{"line":1,"column":24}},"1":{"start":{"line":5,"column":24},"end":{"line":5,"column":26}},"2":{"start":{"line":6,"column":26},"end":{"line":6,"column":28}},"3":{"start":{"line":8,"column":2},"end":{"line":14,"column":5}},"4":{"start":{"line":9,"column":4},"end":{"line":13,"column":5}},"5":{"start":{"line":10,"column":6},"end":{"line":10,"column":33}},"6":{"start":{"line":12,"column":6},"end":{"line":12,"column":31}},"7":{"start":{"line":16,"column":2},"end":{"line":16,"column":44}},"8":{"start":{"line":20,"column":0},"end":{"line":30,"column":1}},"9":{"start":{"line":21,"column":18},"end":{"line":21,"column":47}},"10":{"start":{"line":22,"column":16},"end":{"line":22,"column":35}},"11":{"start":{"line":24,"column":45},"end":{"line":24,"column":63}},"12":{"start":{"line":26,"column":2},"end":{"line":26,"column":82}},"13":{"start":{"line":27,"column":2},"end":{"line":27,"column":87}},"14":{"start":{"line":29,"column":2},"end":{"line":29,"column":132}},"15":{"start":{"line":33,"column":0},"end":{"line":33,"column":33}}},"fnMap":{"0":{"name":"filterLeads","decl":{"start":{"line":4,"column":9},"end":{"line":4,"column":20}},"loc":{"start":{"line":4,"column":28},"end":{"line":17,"column":1}},"line":4},"1":{"name":"(anonymous_1)","decl":{"start":{"line":8,"column":16},"end":{"line":8,"column":17}},"loc":{"start":{"line":8,"column":24},"end":{"line":14,"column":3}},"line":8}},"branchMap":{"0":{"loc":{"start":{"line":9,"column":4},"end":{"line":13,"column":5}},"type":"if","locations":[{"start":{"line":9,"column":4},"end":{"line":13,"column":5}},{"start":{"line":11,"column":11},"end":{"line":13,"column":5}}],"line":9},"1":{"loc":{"start":{"line":20,"column":0},"end":{"line":30,"column":1}},"type":"if","locations":[{"start":{"line":20,"column":0},"end":{"line":30,"column":1}},{"start":{},"end":{}}],"line":20}},"s":{"0":1,"1":1,"2":1,"3":1,"4":3,"5":2,"6":1,"7":1,"8":1,"9":0,"10":0,"11":0,"12":0,"13":0,"14":0,"15":1},"f":{"0":1,"1":3},"b":{"0":[2,1],"1":[0,1]},"_coverageSchema":"1a1c01bbd47fc00a2c39e90264f33305004495a9","hash":"3971c93b3718bd0a18dea7d67065325c51b0c17b"}
}
